Arguments: 
  C:\Program Files\nodejs\node.exe C:\Users\Camo\AppData\Roaming\npm\node_modules\yarn\bin\yarn.js add uniqi

PATH: 
  C:\Program Files (x86)\Common Files\Oracle\Java\javapath;C:\Windows\system32;C:\Windows;C:\Windows\System32\Wbem;C:\Windows\System32\WindowsPowerShell\v1.0\;C:\Windows\System32\OpenSSH\;C:\Program Files (x86)\NVIDIA Corporation\PhysX\Common;C:\Program Files\NVIDIA Corporation\NVIDIA NvDLISR;C:\Program Files\dotnet\;C:\Program Files\Microsoft SQL Server\Client SDK\ODBC\170\Tools\Binn\;C:\Program Files (x86)\Microsoft SQL Server\150\Tools\Binn\;C:\Program Files\Microsoft SQL Server\150\Tools\Binn\;C:\Program Files\Microsoft SQL Server\150\DTS\Binn\;C:\Program Files\Azure Data Studio\bin;C:\Program Files (x86)\Microsoft SQL Server\150\DTS\Binn\;C:\Program Files\nodejs\;C:\Program Files\Git\cmd;C:\Users\Camo\AppData\Local\Programs\Python\Python39\Scripts\;C:\Users\Camo\AppData\Local\Programs\Python\Python39\;C:\Users\Camo\AppData\Local\Microsoft\WindowsApps;C:\Users\Camo\AppData\Local\atom\bin;C:\Users\Camo\AppData\Local\Programs\Microsoft VS Code\bin;C:\Users\Camo\.dotnet\tools;C:\Program Files\Azure Data Studio\bin;C:\Users\Camo\AppData\Roaming\npm

Yarn version: 
  1.22.10

Node version: 
  15.10.0

Platform: 
  win32 x64

Trace: 
  Error: https://registry.yarnpkg.com/uniqi: Not found
      at Request.params.callback [as _callback] (C:\Users\Camo\AppData\Roaming\npm\node_modules\yarn\lib\cli.js:66988:18)
      at Request.self.callback (C:\Users\Camo\AppData\Roaming\npm\node_modules\yarn\lib\cli.js:140662:22)
      at Request.emit (node:events:378:20)
      at Request.<anonymous> (C:\Users\Camo\AppData\Roaming\npm\node_modules\yarn\lib\cli.js:141634:10)
      at Request.emit (node:events:378:20)
      at IncomingMessage.<anonymous> (C:\Users\Camo\AppData\Roaming\npm\node_modules\yarn\lib\cli.js:141556:12)
      at Object.onceWrapper (node:events:484:28)
      at IncomingMessage.emit (node:events:390:22)
      at endReadableNT (node:internal/streams/readable:1307:12)
      at processTicksAndRejections (node:internal/process/task_queues:81:21)

npm manifest: 
  No manifest

yarn manifest: 
  No manifest

Lockfile: 
  No lockfile
